2025-09-12 09:18:55 [[32minfo[39m]: ✅ Database connected successfully!
2025-09-12 09:18:57 [[32minfo[39m]: ✅ Database connected successfully!
2025-09-12 09:18:59 [[32minfo[39m]: ✅ Database connected successfully!
2025-09-12 09:18:59 [[32minfo[39m]: Redis connected
2025-09-12 09:18:59 [[32minfo[39m]: Bloom filter already exists: users_bloom
2025-09-12 09:18:59 [[32minfo[39m]: Server is running on port 5000
2025-09-12 09:19:28 [[32minfo[39m]: ✅ Database connected successfully!
2025-09-12 09:19:28 [[32minfo[39m]: Redis connected
2025-09-12 09:19:28 [[32minfo[39m]: Bloom filter already exists: users_bloom
2025-09-12 09:19:28 [[32minfo[39m]: Server is running on port 5000
2025-09-12 09:19:33 [[32minfo[39m]: ✅ Database connected successfully!
2025-09-12 09:19:34 [[32minfo[39m]: Redis connected
2025-09-12 09:19:34 [[32minfo[39m]: Bloom filter already exists: users_bloom
2025-09-12 09:19:34 [[32minfo[39m]: Server is running on port 5000
2025-09-12 09:19:37 [[32minfo[39m]: ✅ Database connected successfully!
2025-09-12 09:19:37 [[32minfo[39m]: Redis connected
2025-09-12 09:19:37 [[32minfo[39m]: Bloom filter already exists: users_bloom
2025-09-12 09:19:37 [[32minfo[39m]: Server is running on port 5000
2025-09-12 09:19:41 [[32minfo[39m]: ✅ Database connected successfully!
2025-09-12 09:19:41 [[32minfo[39m]: Redis connected
2025-09-12 09:19:41 [[32minfo[39m]: Bloom filter already exists: users_bloom
2025-09-12 09:19:41 [[32minfo[39m]: Server is running on port 5000
2025-09-12 09:20:04 [[32minfo[39m]: ✅ Database connected successfully!
2025-09-12 09:20:04 [[32minfo[39m]: Redis connected
2025-09-12 09:20:04 [[32minfo[39m]: Bloom filter already exists: users_bloom
2025-09-12 09:20:04 [[32minfo[39m]: Server is running on port 5000
2025-09-12 09:20:08 [[32minfo[39m]: ✅ Database connected successfully!
2025-09-12 09:20:08 [[32minfo[39m]: Redis connected
2025-09-12 09:20:08 [[32minfo[39m]: Bloom filter already exists: users_bloom
2025-09-12 09:20:08 [[32minfo[39m]: Server is running on port 5000
2025-09-12 09:20:15 [[32minfo[39m]: ✅ Database connected successfully!
2025-09-12 09:20:15 [[32minfo[39m]: Redis connected
2025-09-12 09:20:15 [[32minfo[39m]: Bloom filter already exists: users_bloom
2025-09-12 09:20:15 [[32minfo[39m]: Server is running on port 5000
2025-09-12 09:20:19 [[32minfo[39m]: ✅ Database connected successfully!
2025-09-12 09:20:20 [[32minfo[39m]: Redis connected
2025-09-12 09:20:20 [[32minfo[39m]: Bloom filter already exists: users_bloom
2025-09-12 09:20:20 [[32minfo[39m]: Server is running on port 5000
2025-09-12 09:20:23 [[31merror[39m]: TokenExpiredError: jwt expired
    at C:\Users\masuma\Desktop\APP\Projects\unfinished projects\sql_learning\prisma_tutorial\node_modules\jsonwebtoken\verify.js:190:21
    at getSecret (C:\Users\masuma\Desktop\APP\Projects\unfinished projects\sql_learning\prisma_tutorial\node_modules\jsonwebtoken\verify.js:97:14)
    at Object.module.exports [as verify] (C:\Users\masuma\Desktop\APP\Projects\unfinished projects\sql_learning\prisma_tutorial\node_modules\jsonwebtoken\verify.js:101:10)
    at verifyToken (C:\Users\masuma\Desktop\APP\Projects\unfinished projects\sql_learning\prisma_tutorial\src\utils\verifyToken.ts:8:25)
    at C:\Users\masuma\Desktop\APP\Projects\unfinished projects\sql_learning\prisma_tutorial\src\middleware\isAuth.ts:22:33
    at C:\Users\masuma\Desktop\APP\Projects\unfinished projects\sql_learning\prisma_tutorial\src\utils\asyncHandler.ts:5:21
    at Layer.handleRequest (C:\Users\masuma\Desktop\APP\Projects\unfinished projects\sql_learning\prisma_tutorial\node_modules\router\lib\layer.js:152:17)
    at next (C:\Users\masuma\Desktop\APP\Projects\unfinished projects\sql_learning\prisma_tutorial\node_modules\router\lib\route.js:157:13)
    at Route.dispatch (C:\Users\masuma\Desktop\APP\Projects\unfinished projects\sql_learning\prisma_tutorial\node_modules\router\lib\route.js:117:3)
    at handle (C:\Users\masuma\Desktop\APP\Projects\unfinished projects\sql_learning\prisma_tutorial\node_modules\router\index.js:435:11)
2025-09-12 09:20:41 [[32minfo[39m]: ✅ Database connected successfully!
2025-09-12 09:20:41 [[32minfo[39m]: Redis connected
2025-09-12 09:20:41 [[32minfo[39m]: Bloom filter already exists: users_bloom
2025-09-12 09:20:41 [[32minfo[39m]: Server is running on port 5000
2025-09-12 09:20:43 [[31merror[39m]: TokenExpiredError: jwt expired
    at C:\Users\masuma\Desktop\APP\Projects\unfinished projects\sql_learning\prisma_tutorial\node_modules\jsonwebtoken\verify.js:190:21
    at getSecret (C:\Users\masuma\Desktop\APP\Projects\unfinished projects\sql_learning\prisma_tutorial\node_modules\jsonwebtoken\verify.js:97:14)
    at Object.module.exports [as verify] (C:\Users\masuma\Desktop\APP\Projects\unfinished projects\sql_learning\prisma_tutorial\node_modules\jsonwebtoken\verify.js:101:10)
    at verifyToken (C:\Users\masuma\Desktop\APP\Projects\unfinished projects\sql_learning\prisma_tutorial\src\utils\verifyToken.ts:8:25)
    at C:\Users\masuma\Desktop\APP\Projects\unfinished projects\sql_learning\prisma_tutorial\src\middleware\isAuth.ts:22:33
    at C:\Users\masuma\Desktop\APP\Projects\unfinished projects\sql_learning\prisma_tutorial\src\utils\asyncHandler.ts:5:21
    at Layer.handleRequest (C:\Users\masuma\Desktop\APP\Projects\unfinished projects\sql_learning\prisma_tutorial\node_modules\router\lib\layer.js:152:17)
    at next (C:\Users\masuma\Desktop\APP\Projects\unfinished projects\sql_learning\prisma_tutorial\node_modules\router\lib\route.js:157:13)
    at Route.dispatch (C:\Users\masuma\Desktop\APP\Projects\unfinished projects\sql_learning\prisma_tutorial\node_modules\router\lib\route.js:117:3)
    at handle (C:\Users\masuma\Desktop\APP\Projects\unfinished projects\sql_learning\prisma_tutorial\node_modules\router\index.js:435:11)
2025-09-12 09:21:00 [[32minfo[39m]: ✅ Database connected successfully!
2025-09-12 09:21:00 [[32minfo[39m]: Redis connected
2025-09-12 09:21:00 [[32minfo[39m]: Bloom filter already exists: users_bloom
2025-09-12 09:21:00 [[32minfo[39m]: Server is running on port 5000
2025-09-12 09:21:02 [[31merror[39m]: TokenExpiredError: jwt expired
    at C:\Users\masuma\Desktop\APP\Projects\unfinished projects\sql_learning\prisma_tutorial\node_modules\jsonwebtoken\verify.js:190:21
    at getSecret (C:\Users\masuma\Desktop\APP\Projects\unfinished projects\sql_learning\prisma_tutorial\node_modules\jsonwebtoken\verify.js:97:14)
    at Object.module.exports [as verify] (C:\Users\masuma\Desktop\APP\Projects\unfinished projects\sql_learning\prisma_tutorial\node_modules\jsonwebtoken\verify.js:101:10)
    at verifyToken (C:\Users\masuma\Desktop\APP\Projects\unfinished projects\sql_learning\prisma_tutorial\src\utils\verifyToken.ts:8:25)
    at C:\Users\masuma\Desktop\APP\Projects\unfinished projects\sql_learning\prisma_tutorial\src\middleware\isAuth.ts:21:32
    at C:\Users\masuma\Desktop\APP\Projects\unfinished projects\sql_learning\prisma_tutorial\src\utils\asyncHandler.ts:5:21
    at Layer.handleRequest (C:\Users\masuma\Desktop\APP\Projects\unfinished projects\sql_learning\prisma_tutorial\node_modules\router\lib\layer.js:152:17)
    at next (C:\Users\masuma\Desktop\APP\Projects\unfinished projects\sql_learning\prisma_tutorial\node_modules\router\lib\route.js:157:13)
    at Route.dispatch (C:\Users\masuma\Desktop\APP\Projects\unfinished projects\sql_learning\prisma_tutorial\node_modules\router\lib\route.js:117:3)
    at handle (C:\Users\masuma\Desktop\APP\Projects\unfinished projects\sql_learning\prisma_tutorial\node_modules\router\index.js:435:11)
2025-09-12 09:21:02 [[31merror[39m]: Error: Invalid or expired token
    at verifyToken (C:\Users\masuma\Desktop\APP\Projects\unfinished projects\sql_learning\prisma_tutorial\src\utils\verifyToken.ts:12:11)
    at C:\Users\masuma\Desktop\APP\Projects\unfinished projects\sql_learning\prisma_tutorial\src\middleware\isAuth.ts:21:32
    at C:\Users\masuma\Desktop\APP\Projects\unfinished projects\sql_learning\prisma_tutorial\src\utils\asyncHandler.ts:5:21
    at Layer.handleRequest (C:\Users\masuma\Desktop\APP\Projects\unfinished projects\sql_learning\prisma_tutorial\node_modules\router\lib\layer.js:152:17)
    at next (C:\Users\masuma\Desktop\APP\Projects\unfinished projects\sql_learning\prisma_tutorial\node_modules\router\lib\route.js:157:13)
    at Route.dispatch (C:\Users\masuma\Desktop\APP\Projects\unfinished projects\sql_learning\prisma_tutorial\node_modules\router\lib\route.js:117:3)
    at handle (C:\Users\masuma\Desktop\APP\Projects\unfinished projects\sql_learning\prisma_tutorial\node_modules\router\index.js:435:11)
    at Layer.handleRequest (C:\Users\masuma\Desktop\APP\Projects\unfinished projects\sql_learning\prisma_tutorial\node_modules\router\lib\layer.js:152:17)
    at C:\Users\masuma\Desktop\APP\Projects\unfinished projects\sql_learning\prisma_tutorial\node_modules\router\index.js:295:15
    at param (C:\Users\masuma\Desktop\APP\Projects\unfinished projects\sql_learning\prisma_tutorial\node_modules\router\index.js:600:14)
2025-09-12 18:16:28 [[32minfo[39m]: ✅ Database connected successfully!
2025-09-12 18:16:28 [[32minfo[39m]: Redis connected
2025-09-12 18:16:28 [[32minfo[39m]: Bloom filter created: users_bloom
2025-09-12 18:16:28 [[32minfo[39m]: Server is running on port 5000
